<?xml version="1.0" encoding="UTF-8"?>
<!-- Generated by org.testng.reporters.JUnitReportReporter -->
<testsuite hostname="DESKTOP-IF3JTHF" failures="0" tests="1" name="Academy.E2EProject1.HomePage" time="0.000" errors="0" timestamp="2022-03-26T12:09:38 IST" skipped="1">
  <testcase classname="Academy.E2EProject1.HomePage" name="basePageNavigation" time="0.000">
    <skipped/>
  </testcase> <!-- basePageNavigation -->
  <system-out/>
</testsuite> <!-- Academy.E2EProject1.HomePage -->
